make all --print-data-base --no-builtin-variables --no-builtin-rules --question
# GNU Make 3.81
# Copyright (C) 2006  Free Software Foundation, Inc.
# This is free software; see the source for copying conditions.
# There is NO warranty; not even for MERCHANTABILITY or FITNESS FOR A
# PARTICULAR PURPOSE.

# This program built for i386-apple-darwin11.3.0
 
make: *** No rule to make target `all'.  Stop.


# Make data base, printed on Sat Jun 25 16:02:44 2022

# Variables

# automatic
<D = $(patsubst %/,%,$(dir $<))
# automatic
?F = $(notdir $?)
# makefile (from `Makefile', line 63)
AVX512_FAST_TARGET = test-avx512-M2203-fast
# environment
VSCODE_LOG_NATIVE = false
# makefile (from `Makefile', line 52)
SSE2_TARGET = $(STD_TARGET) test-sse2-M19937
# automatic
?D = $(patsubst %/,%,$(dir $?))
# automatic
@D = $(patsubst %/,%,$(dir $@))
# automatic
@F = $(notdir $@)
# makefile
CURDIR := /Users/masaki/Documents/GitHub/dSFMT
# makefile
SHELL = /bin/sh
# environment
VSCODE_NLS_CONFIG = {"locale":"ja","availableLanguages":{"*":"ja"},"_languagePackId":"ca8fefa23466d7bf442ef9effea697e9.ja","_translationsConfigFile":"/Users/masaki/Library/Application Support/Code/clp/ca8fefa23466d7bf442ef9effea697e9.ja/tcf.json","_cacheRoot":"/Users/masaki/Library/Application Support/Code/clp/ca8fefa23466d7bf442ef9effea697e9.ja","_resolvedLanguagePackCoreLocation":"/Users/masaki/Library/Application Support/Code/clp/ca8fefa23466d7bf442ef9effea697e9.ja/c3511e6c69bb39013c4a4b7b9566ec1ca73fc4d5","_corruptedFile":"/Users/masaki/Library/Application Support/Code/clp/ca8fefa23466d7bf442ef9effea697e9.ja/corrupted.info","_languagePackSupport":true}
# environment
_ = /usr/bin/make
 
# makefile (from `Makefile', line 1)
MAKEFILE_LIST :=  Makefile
# makefile (from `Makefile', line 44)
STD_TARGET = test-std-M19937
# environment
VSCODE_VERBOSE_LOGGING = true
# environment
__CFBundleIdentifier = com.microsoft.VSCode
# makefile (from `Makefile', line 37)
OSXALTIFLAGS = -faltivec -maltivec -DHAVE_ALTIVEC
# environment
VSCODE_IPC_HOOK_EXTHOST = /var/folders/gf/xplqqd8561s_5wd_yp21v4lr0000gn/T/vscode-ipc-b1130999-a197-4d2c-b5d2-0f7e1408b2a6.sock
# makefile (from `Makefile', line 42)
NEONFLAGS = -DHAVE_NEON
# environment
VSCODE_CWD = /
# environment
PATH = ~/Library/Intel/iaca-mac:/usr/local/bin:/usr/local/opt/bison/bin:/Users/masaki/.rbenv/shims:/usr/local/bin:/usr/bin:/bin:/usr/sbin:/sbin:/usr/local/share/dotnet:/opt/X11/bin:~/.dotnet/tools:/Library/Apple/usr/bin:/Library/Frameworks/Mono.framework/Versions/Current/Commands:/Applications/Xamarin Workbooks.app/Contents/SharedSupport/path-bin:/Users/masaki/.nodebrew/current/bin
# makefile (from `Makefile', line 56)
ALL_AVX512_TARGET = test-avx512-M521 test-avx512-M1279 test-avx512-M2203 test-avx512-M4253 test-avx512-M11213 test-avx512-M19937 test-avx512-M44497 test-avx512-M86243 test-avx512-M132049 test-avx512-M216091
# environment
LaunchInstanceID = 64FFBCD1-C937-4508-9092-712B699D3ADC
# environment
VSCODE_LOG_STACK = false
# environment
ELECTRON_RUN_AS_NODE = 1
# default
.FEATURES := target-specific order-only second-expansion else-if archives jobserver check-symlink
# environment
SSH_AUTH_SOCK = /private/tmp/com.apple.launchd.r9sldL2ITM/Listeners
# automatic
%F = $(notdir $%)
# environment
DISPLAY = /private/tmp/com.apple.launchd.qHBoCMDeIy/org.macosforge.xquartz:0
# makefile (from `Makefile', line 26)
OPTI = -O3 -finline-functions -fomit-frame-pointer -DNDEBUG -fno-strict-aliasing --param max-inline-insns-single=1800
# environment
VSCODE_PIPE_LOGGING = true
# environment
PWD = /Users/masaki/Documents/GitHub/dSFMT
# environment
ORIGINAL_XDG_CURRENT_DESKTOP = undefined
# environment
VSCODE_AMD_ENTRYPOINT = vs/workbench/api/node/extensionHostProcess
# environment
HOME = /Users/masaki
# default
MAKEFILEPATH := /Applications/Xcode.app/Contents/Developer/Makefiles
# environment
VSCODE_CODE_CACHE_PATH = /Users/masaki/Library/Application Support/Code/CachedData/c3511e6c69bb39013c4a4b7b9566ec1ca73fc4d5
# makefile (from `Makefile', line 23)
WARN = -Wmissing-prototypes -Wall 
# environment
LOGNAME = masaki
# environment
APPLICATION_INSIGHTS_NO_DIAGNOSTIC_CHANNEL = true
# environment
VSCODE_HANDLES_UNCAUGHT_ERRORS = true
# automatic
^D = $(patsubst %/,%,$(dir $^))
# makefile (from `Makefile', line 38)
SSE2FLAGS = -msse2 -DHAVE_SSE2
# environment
XPC_FLAGS = 0x0
# default
MAKE = $(MAKE_COMMAND)
# default
MAKECMDGOALS := all
# environment
SHLVL = 1
# makefile (from `Makefile', line 34)
CC = gcc
# default
MAKE_VERSION := 3.81
# environment
USER = masaki
# makefile
.DEFAULT_GOAL := std
# environment
INCLUDE = ~/Library/Intel/iaca-mac:
# makefile (from `Makefile', line 35)
CCFLAGS = $(OPTI) $(WARN) $(STD)
# makefile (from `Makefile', line 40)
AVX512FLAGS = -march=skylake-avx512 -DHAVE_SSE2 -DHAVE_AVX2 -DHAVE_AVX512
# automatic
%D = $(patsubst %/,%,$(dir $%))
# makefile (from `Makefile', line 36)
ALTIFLAGS = -mabi=altivec -maltivec -DHAVE_ALTIVEC
# default
MAKE_COMMAND := /Applications/Xcode.app/Contents/Developer/usr/bin/make
# makefile (from `Makefile', line 33)
STD = -std=c99
# default
.VARIABLES := 
# environment
TMPDIR = /var/folders/gf/xplqqd8561s_5wd_yp21v4lr0000gn/T/
# automatic
*F = $(notdir $*)
# environment
VSCODE_IPC_HOOK = /Users/masaki/Library/Application Support/Code/1.67.2-main.sock
# makefile
MAKEFLAGS = Rrqp
# makefile (from `Makefile', line 48)
ALTI_TARGET = $(STD_TARGET) test-alti-M19937
# environment
MFLAGS = -Rrqp
# automatic
*D = $(patsubst %/,%,$(dir $*))
# environment
XPC_SERVICE_NAME = application.com.microsoft.VSCode.93793688.93793701
# automatic
+D = $(patsubst %/,%,$(dir $+))
# automatic
+F = $(notdir $+)
# makefile (from `Makefile', line 53)
ALL_SSE2_TARGET = test-sse2-M521 test-sse2-M1279 test-sse2-M2203 test-sse2-M4253 test-sse2-M11213 test-sse2-M19937 test-sse2-M44497 test-sse2-M86243 test-sse2-M132049 test-sse2-M216091
# environment
__CF_USER_TEXT_ENCODING = 0x1F5:0x1:0xE
# environment
COMMAND_MODE = unix2003
# default
MAKEFILES := 
# environment
RBENV_SHELL = zsh
# automatic
<F = $(notdir $<)
# environment
LC_ALL = C
# environment
SECURITYSESSIONID = 186c1
# automatic
^F = $(notdir $^)
# makefile (from `Makefile', line 60)
ALL_NEON_TARGET = test-neon-M521 test-neon-M1279 test-neon-M2203 test-neon-M4253 test-neon-M11213 test-neon-M19937 test-neon-M44497 test-neon-M86243 test-neon-M132049 test-neon-M216091
# default
SUFFIXES := 
# makefile (from `Makefile', line 49)
ALL_ALTI_TARGET = test-alti-M521 test-alti-M1279 test-alti-M2203 test-alti-M4253 test-alti-M11213 test-alti-M19937 test-alti-M44497 test-alti-M86243 test-alti-M132049 test-alti-M216091
# default
.INCLUDE_DIRS = /usr/local/include
# makefile (from `Makefile', line 39)
AVX2FLAGS = -march=haswell -DHAVE_SSE2 -DHAVE_AVX2
# environment
MAKELEVEL := 0
# environment
LANG = C
# makefile (from `Makefile', line 59)
NEON_TARGET = $(STD_TARGET) test-neon-M19937
# makefile (from `Makefile', line 45)
ALL_STD_TARGET = test-std-M521 test-std-M1279 test-std-M2203 test-std-M4253 test-std-M11213 test-std-M19937 test-std-M44497 test-std-M86243 test-std-M132049 test-std-M216091
# environment
VSCODE_PID = 1345
# variable set hash-table stats:
# Load=88/1024=9%, Rehash=0, Collisions=7/126=6%

# Pattern-specific Variable Values

# No pattern-specific variable values.

# Directories

# . (device 16777221, inode 53411982): 64 files, no impossibilities.

# 64 files, no impossibilities in 1 directories.

# Implicit Rules

# No implicit rules.

# Files

test-alti-M19937: test.c dSFMT.c dSFMT.h
#  Implicit rule search has not been done.
#  Modification time never checked.
#  File has not been updated.
#  commands to execute (from `Makefile', line 211):
	$(CC) $(CCFLAGS) $(ALTIFLAGS) -DDSFMT_MEXP=19937 -o $@ dSFMT.c test.c
	

test-sse2-M132049: test.c dSFMT.c dSFMT.h
#  Implicit rule search has not been done.
#  Modification time never checked.
#  File has not been updated.
#  commands to execute (from `Makefile', line 259):
	$(CC) $(CCFLAGS) $(SSE2FLAGS) -DDSFMT_MEXP=132049 -o $@ dSFMT.c test.c
	

test-avx512-M1279: test.c dSFMT.c dSFMT.h
#  Implicit rule search has not been done.
#  Modification time never checked.
#  File has not been updated.
#  commands to execute (from `Makefile', line 153):
	$(CC) $(CCFLAGS) $(AVX512FLAGS) -DDSFMT_MEXP=1279 -o $@ dSFMT.c test.c
	

test-neon-M4253: test.c dSFMT.c dSFMT.h
#  Implicit rule search has not been done.
#  Modification time never checked.
#  File has not been updated.
#  commands to execute (from `Makefile', line 190):
	$(CC) $(CCFLAGS) $(NEONFLAGS) -DDSFMT_MEXP=4253 -o $@ dSFMT.c test.c
	

test-avx512-M86243: test.c dSFMT.c dSFMT.h
#  Implicit rule search has not been done.
#  Modification time never checked.
#  File has not been updated.
#  commands to execute (from `Makefile', line 247):
	$(CC) $(CCFLAGS) $(AVX512FLAGS) -DDSFMT_MEXP=86243 -o $@ dSFMT.c test.c
	

# Not a target:
all:
#  Command-line target.
#  Implicit rule search has been done.
#  File does not exist.
#  File has not been updated.
# variable set hash-table stats:
# Load=0/32=0%, Rehash=0, Collisions=0/0=0%

# Not a target:
dSFMT-2203-AVX512.c:
#  Implicit rule search has not been done.
#  Modification time never checked.
#  File has not been updated.

test-sse2-M216091: test.c dSFMT.c dSFMT.h
#  Implicit rule search has not been done.
#  Modification time never checked.
#  File has not been updated.
#  commands to execute (from `Makefile', line 274):
	$(CC) $(CCFLAGS) $(SSE2FLAGS) -DDSFMT_MEXP=216091 -o $@ dSFMT.c test.c
	

.PHONY: std-check sse2-check avx2-check avx512-check alti-check neon-check
#  Implicit rule search has not been done.
#  Modification time never checked.
#  File has not been updated.

 
test-alti-M1279: test.c dSFMT.c dSFMT.h
#  Implicit rule search has not been done.
#  Modification time never checked.
#  File has not been updated.
#  commands to execute (from `Makefile', line 147):
	$(CC) $(CCFLAGS) $(ALTIFLAGS) -DDSFMT_MEXP=1279 -o $@ dSFMT.c test.c
	

test-std-M11213: test.c dSFMT.c dSFMT.h
#  Implicit rule search has not been done.
#  Modification time never checked.
#  File has not been updated.
#  commands to execute (from `Makefile', line 193):
	$(CC) $(CCFLAGS) -DDSFMT_MEXP=11213 -o $@ dSFMT.c test.c
	

test-std-M2203: test.c dSFMT.c dSFMT.h
#  Implicit rule search has not been done.
#  Modification time never checked.
#  File has not been updated.
#  commands to execute (from `Makefile', line 159):
	$(CC) $(CCFLAGS) -DDSFMT_MEXP=2203 -o $@ dSFMT.c test.c
	

test-std-M44497: test.c dSFMT.c dSFMT.h
#  Implicit rule search has not been done.
#  Modification time never checked.
#  File has not been updated.
#  commands to execute (from `Makefile', line 223):
	$(CC) $(CCFLAGS) -DDSFMT_MEXP=44497 -o $@ dSFMT.c test.c
	

test-alti-M86243: test.c dSFMT.c dSFMT.h
#  Implicit rule search has not been done.
#  Modification time never checked.
#  File has not been updated.
#  commands to execute (from `Makefile', line 241):
	$(CC) $(CCFLAGS) $(ALTIFLAGS) -DDSFMT_MEXP=86243 -o $@ dSFMT.c test.c
	

test-std-M19937: test.c dSFMT.c dSFMT.h
#  Implicit rule search has not been done.
#  Modification time never checked.
#  File has not been updated.
#  commands to execute (from `Makefile', line 208):
	$(CC) $(CCFLAGS) -DDSFMT_MEXP=19937 -o $@ dSFMT.c test.c
	

test-sse2-M521: test.c dSFMT.c dSFMT.h
#  Implicit rule search has not been done.
#  Modification time never checked.
#  File has not been updated.
#  commands to execute (from `Makefile', line 135):
	$(CC) $(CCFLAGS) $(SSE2FLAGS) -DDSFMT_MEXP=521 -o $@ dSFMT.c test.c
	

test-neon-M132049: test.c dSFMT.c dSFMT.h
#  Implicit rule search has not been done.
#  Modification time never checked.
#  File has not been updated.
#  commands to execute (from `Makefile', line 265):
	$(CC) $(CCFLAGS) $(NEONFLAGS) -DDSFMT_MEXP=132049 -o $@ dSFMT.c test.c
	

# Not a target:
.SUFFIXES:
#  Implicit rule search has not been done.
#  Modification time never checked.
#  File has not been updated.

avx2-check:
#  Phony target (prerequisite of .PHONY).
#  Implicit rule search has not been done.
#  File does not exist.
#  File has not been updated.

test-avx512-M19937: test.c dSFMT.c dSFMT.h
#  Implicit rule search has not been done.
#  Modification time never checked.
#  File has not been updated.
#  commands to execute (from `Makefile', line 217):
	$(CC) $(CCFLAGS) $(AVX512FLAGS) -DDSFMT_MEXP=19937 -o $@ dSFMT.c test.c
	

# Not a target:
Makefile:
#  Implicit rule search has been done.
#  Last modified 2022-06-25 16:02:11
#  File has been updated.
#  Successfully updated.
# variable set hash-table stats:
# Load=0/32=0%, Rehash=0, Collisions=0/0=0%

avx512-fast: test-avx512-M2203-fast
#  Implicit rule search has not been done.
#  Modification time never checked.
#  File has not been updated.

test-std-M1279: test.c dSFMT.c dSFMT.h
#  Implicit rule search has not been done.
#  Modification time never checked.
#  File has not been updated.
#  commands to execute (from `Makefile', line 144):
	$(CC) $(CCFLAGS) -DDSFMT_MEXP=1279 -o $@ dSFMT.c test.c
	

test-neon-M216091: test.c dSFMT.c dSFMT.h
#  Implicit rule search has not been done.
#  Modification time never checked.
#  File has not been updated.
#  commands to execute (from `Makefile', line 280):
	$(CC) $(CCFLAGS) $(NEONFLAGS) -DDSFMT_MEXP=216091 -o $@ dSFMT.c test.c
	

test-avx512-M4253: test.c dSFMT.c dSFMT.h
#  Implicit rule search has not been done.
#  Modification time never checked.
#  File has not been updated.
#  commands to execute (from `Makefile', line 187):
	$(CC) $(CCFLAGS) $(SSE2FLAGS) -DDSFMT_MEXP=4253 -o $@ dSFMT.c test.c
	

test-std-M86243: test.c dSFMT.c dSFMT.h
#  Implicit rule search has not been done.
#  Modification time never checked.
#  File has not been updated.
#  commands to execute (from `Makefile', line 238):
	$(CC) $(CCFLAGS) -DDSFMT_MEXP=86243 -o $@ dSFMT.c test.c
	

test-neon-M521: test.c dSFMT.c dSFMT.h
#  Implicit rule search has not been done.
#  Modification time never checked.
#  File has not been updated.
#  commands to execute (from `Makefile', line 141):
	$(CC) $(CCFLAGS) $(NEONFLAGS) -DDSFMT_MEXP=521 -o $@ dSFMT.c test.c
	

test-sse2-M11213: test.c dSFMT.c dSFMT.h
#  Implicit rule search has not been done.
#  Modification time never checked.
#  File has not been updated.
#  commands to execute (from `Makefile', line 199):
	$(CC) $(CCFLAGS) $(SSE2FLAGS) -DDSFMT_MEXP=11213 -o $@ dSFMT.c test.c
	

test-sse2-M2203: test.c dSFMT.c dSFMT.h
#  Implicit rule search has not been done.
#  Modification time never checked.
#  File has not been updated.
#  commands to execute (from `Makefile', line 165):
	$(CC) $(CCFLAGS) $(SSE2FLAGS) -DDSFMT_MEXP=2203 -o $@ dSFMT.c test.c
	

test-sse2-M44497: test.c dSFMT.c dSFMT.h
#  Implicit rule search has not been done.
#  Modification time never checked.
#  File has not been updated.
#  commands to execute (from `Makefile', line 229):
	$(CC) $(CCFLAGS) $(SSE2FLAGS) -DDSFMT_MEXP=44497 -o $@ dSFMT.c test.c
	

.c.o:
#  Implicit rule search has not been done.
#  Modification time never checked.
#  File has not been updated.
#  commands to execute (from `Makefile', line 283):
	$(CC) $(CCFLAGS) -c $<
	

test-sse2-M19937: test.c dSFMT.c dSFMT.h
#  Implicit rule search has not been done.
#  Modification time never checked.
#  File has not been updated.
#  commands to execute (from `Makefile', line 214):
	$(CC) $(CCFLAGS) $(SSE2FLAGS) -DDSFMT_MEXP=19937 -o $@ dSFMT.c test.c
	

test-avx512-M132049: test.c dSFMT.c dSFMT.h
#  Implicit rule search has not been done.
#  Modification time never checked.
#  File has not been updated.
#  commands to execute (from `Makefile', line 262):
	$(CC) $(CCFLAGS) $(AVX512FLAGS) -DDSFMT_MEXP=132049 -o $@ dSFMT.c test.c
	

osx-alti:
#  Implicit rule search has not been done.
#  Modification time never checked.
#  File has not been updated.
#  commands to execute (from `Makefile', line 108):
	$(MAKE) "ALTIFLAGS=$(OSXALTIFLAGS)" alti
	

test-avx512-M2203-fast: test.c dSFMT-2203-AVX512.c dSFMT.h
#  Implicit rule search has not been done.
#  Modification time never checked.
#  File has not been updated.
#  commands to execute (from `Makefile', line 171):
	$(CC) $(CCFLAGS) $(AVX512FLAGS) -DDSFMT_UPDATE_FAST -DDSFMT_MEXP=2203 \
	-o $@ dSFMT-2203-AVX512.c test.c
	

neon: test-std-M19937 test-neon-M19937
#  Implicit rule search has not been done.
#  Modification time never checked.
#  File has not been updated.

test-alti-M132049: test.c dSFMT.c dSFMT.h
#  Implicit rule search has not been done.
#  Modification time never checked.
#  File has not been updated.
#  commands to execute (from `Makefile', line 256):
	$(CC) $(CCFLAGS) $(ALTIFLAGS) -DDSFMT_MEXP=132049 -o $@ dSFMT.c test.c
	

test-avx512-M216091: test.c dSFMT.c dSFMT.h
#  Implicit rule search has not been done.
#  Modification time never checked.
#  File has not been updated.
#  commands to execute (from `Makefile', line 277):
	$(CC) $(CCFLAGS) $(AVX512FLAGS) -DDSFMT_MEXP=216091 -o $@ dSFMT.c test.c
	

# Not a target:
.DEFAULT:
#  Implicit rule search has not been done.
#  Modification time never checked.
#  File has not been updated.

test-sse2-M1279: test.c dSFMT.c dSFMT.h
#  Implicit rule search has not been done.
#  Modification time never checked.
#  File has not been updated.
#  commands to execute (from `Makefile', line 150):
	$(CC) $(CCFLAGS) $(SSE2FLAGS) -DDSFMT_MEXP=1279 -o $@ dSFMT.c test.c
	

test-std-M4253: test.c dSFMT.c dSFMT.h
#  Implicit rule search has not been done.
#  Modification time never checked.
#  File has not been updated.
#  commands to execute (from `Makefile', line 178):
	$(CC) $(CCFLAGS) -DDSFMT_MEXP=4253 -o $@ dSFMT.c test.c
	

test-neon-M11213: test.c dSFMT.c dSFMT.h
#  Implicit rule search has not been done.
#  Modification time never checked.
#  File has not been updated.
#  commands to execute (from `Makefile', line 205):
 
	$(CC) $(CCFLAGS) $(NEONFLAGS) -DDSFMT_MEXP=11213 -o $@ dSFMT.c test.c
	

test-neon-M2203: test.c dSFMT.c dSFMT.h
#  Implicit rule search has not been done.
#  Modification time never checked.
#  File has not been updated.
#  commands to execute (from `Makefile', line 175):
	$(CC) $(CCFLAGS) $(NEONFLAGS) -DDSFMT_MEXP=2203 -o $@ dSFMT.c test.c
	

# Not a target:
dSFMT.c:
#  Implicit rule search has not been done.
#  Modification time never checked.
#  File has not been updated.

osx-alti-check:
#  Implicit rule search has not been done.
#  Modification time never checked.
#  File has not been updated.
#  commands to execute (from `Makefile', line 126):
	make "ALTIFLAGS=$(OSXALTIFLAGS)" alti-check
	

test-sse2-M86243: test.c dSFMT.c dSFMT.h
#  Implicit rule search has not been done.
#  Modification time never checked.
#  File has not been updated.
#  commands to execute (from `Makefile', line 244):
	$(CC) $(CCFLAGS) $(SSE2FLAGS) -DDSFMT_MEXP=86243 -o $@ dSFMT.c test.c
	

test-neon-M44497: test.c dSFMT.c dSFMT.h
#  Implicit rule search has not been done.
#  Modification time never checked.
#  File has not been updated.
#  commands to execute (from `Makefile', line 235):
	$(CC) $(CCFLAGS) $(NEONFLAGS) -DDSFMT_MEXP=44497 -o $@ dSFMT.c test.c
	

avx512:
#  Implicit rule search has not been done.
#  Modification time never checked.
#  File has not been updated.

test-alti-M216091: test.c dSFMT.c dSFMT.h
#  Implicit rule search has not been done.
#  Modification time never checked.
#  File has not been updated.
#  commands to execute (from `Makefile', line 271):
	$(CC) $(CCFLAGS) $(ALTIFLAGS) -DDSFMT_MEXP=216091 -o $@ dSFMT.c test.c
	

test-avx512-M521: test.c dSFMT.c dSFMT.h
#  Implicit rule search has not been done.
#  Modification time never checked.
#  File has not been updated.
#  commands to execute (from `Makefile', line 138):
	$(CC) $(CCFLAGS) $(AVX512FLAGS) -DDSFMT_MEXP=521 -o $@ dSFMT.c test.c
	

# Not a target:
test.c:
#  Implicit rule search has not been done.
#  Modification time never checked.
#  File has not been updated.

test-neon-M19937: test.c dSFMT.c dSFMT.h
#  Implicit rule search has not been done.
#  Modification time never checked.
#  File has not been updated.
#  commands to execute (from `Makefile', line 220):
	$(CC) $(CCFLAGS) $(NEONFLAGS) -DDSFMT_MEXP=19937 -o $@ dSFMT.c test.c
	

clean:
#  Implicit rule search has not been done.
#  Modification time never checked.
#  File has not been updated.
#  commands to execute (from `Makefile', line 286):
	rm -f *.o *~ test-*-M*
	

neon-check: test-neon-M521 test-neon-M1279 test-neon-M2203 test-neon-M4253 test-neon-M11213 test-neon-M19937 test-neon-M44497 test-neon-M86243 test-neon-M132049 test-neon-M216091
#  Phony target (prerequisite of .PHONY).
#  Implicit rule search has not been done.
#  File does not exist.
#  File has not been updated.
#  commands to execute (from `Makefile', line 120):
	./check.sh test-neon
	

std: test-std-M19937
#  Implicit rule search has not been done.
#  Modification time never checked.
#  File has not been updated.

test-alti-M521: test.c dSFMT.c dSFMT.h
#  Implicit rule search has not been done.
#  Modification time never checked.
#  File has not been updated.
#  commands to execute (from `Makefile', line 132):
	$(CC) $(CCFLAGS) $(ALTIFLAGS) -DDSFMT_MEXP=521 -o $@ dSFMT.c test.c
	

test-std-M132049: test.c dSFMT.c dSFMT.h
#  Implicit rule search has not been done.
#  Modification time never checked.
#  File has not been updated.
#  commands to execute (from `Makefile', line 253):
	$(CC) $(CCFLAGS) -DDSFMT_MEXP=132049 -o $@ dSFMT.c test.c
	

# Not a target:
dSFMT.h:
#  Implicit rule search has not been done.
#  Modification time never checked.
#  File has not been updated.

alti: test-std-M19937 test-alti-M19937
#  Implicit rule search has not been done.
#  Modification time never checked.
#  File has not been updated.

test-neon-M1279: test.c dSFMT.c dSFMT.h
#  Implicit rule search has not been done.
#  Modification time never checked.
#  File has not been updated.
#  commands to execute (from `Makefile', line 156):
	$(CC) $(CCFLAGS) $(NEONFLAGS) -DDSFMT_MEXP=1279 -o $@ dSFMT.c test.c
	

test-std-M216091: test.c dSFMT.c dSFMT.h
#  Implicit rule search has not been done.
#  Modification time never checked.
#  File has not been updated.
#  commands to execute (from `Makefile', line 268):
	$(CC) $(CCFLAGS) -DDSFMT_MEXP=216091 -o $@ dSFMT.c test.c
	

test-neon-M86243: test.c dSFMT.c dSFMT.h
#  Implicit rule search has not been done.
#  Modification time never checked.
#  File has not been updated.
#  commands to execute (from `Makefile', line 250):
	$(CC) $(CCFLAGS) $(NEONFLAGS) -DDSFMT_MEXP=86243 -o $@ dSFMT.c test.c
	

avx512-check: test-avx512-M521 test-avx512-M1279 test-avx512-M2203 test-avx512-M4253 test-avx512-M11213 test-avx512-M19937 test-avx512-M44497 test-avx512-M86243 test-avx512-M132049 test-avx512-M216091
#  Phony target (prerequisite of .PHONY).
#  Implicit rule search has not been done.
#  File does not exist.
#  File has not been updated.
#  commands to execute (from `Makefile', line 117):
	./check.sh test-avx512
	

std-check: test-std-M521 test-std-M1279 test-std-M2203 test-std-M4253 test-std-M11213 test-std-M19937 test-std-M44497 test-std-M86243 test-std-M132049 test-std-M216091
#  Phony target (prerequisite of .PHONY).
#  Implicit rule search has not been done.
#  File does not exist.
#  File has not been updated.
#  commands to execute (from `Makefile', line 111):
	./check.sh test-std
	

test-avx512-M11213: test.c dSFMT.c dSFMT.h
#  Implicit rule search has not been done.
#  Modification time never checked.
#  File has not been updated.
#  commands to execute (from `Makefile', line 202):
	$(CC) $(CCFLAGS) $(AVX512FLAGS) -DDSFMT_MEXP=11213 -o $@ dSFMT.c test.c
	

test-avx512-M2203: test.c dSFMT.c dSFMT.h
#  Implicit rule search has not been done.
#  Modification time never checked.
#  File has not been updated.
#  commands to execute (from `Makefile', line 168):
	$(CC) $(CCFLAGS) $(AVX512FLAGS) -DDSFMT_MEXP=2203 -o $@ dSFMT.c test.c
	

test-sse2-M4253: test.c dSFMT.c dSFMT.h
#  Implicit rule search has not been done.
#  Modification time never checked.
#  File has not been updated.
#  commands to execute (from `Makefile', line 184):
	$(CC) $(CCFLAGS) $(SSE2FLAGS) -DDSFMT_MEXP=4253 -o $@ dSFMT.c test.c
	

test-alti-M4253: test.c dSFMT.c dSFMT.h
#  Implicit rule search has not been done.
#  Modification time never checked.
#  File has not been updated.
#  commands to execute (from `Makefile', line 181):
	$(CC) $(CCFLAGS) $(ALTIFLAGS) -DDSFMT_MEXP=4253 -o $@ dSFMT.c test.c
	

test-avx512-M44497: test.c dSFMT.c dSFMT.h
#  Implicit rule search has not been done.
#  Modification time never checked.
#  File has not been updated.
#  commands to execute (from `Makefile', line 232):
	$(CC) $(CCFLAGS) $(AVX512FLAGS) -DDSFMT_MEXP=44497 -o $@ dSFMT.c test.c
	

test-std-M521: test.c dSFMT.c dSFMT.h
#  Implicit rule search has not been done.
#  Modification time never checked.
#  File has not been updated.
#  commands to execute (from `Makefile', line 129):
	$(CC) $(CCFLAGS) -DDSFMT_MEXP=521 -o $@ dSFMT.c test.c
	

alti-check: test-alti-M521 test-alti-M1279 test-alti-M2203 test-alti-M4253 test-alti-M11213 test-alti-M19937 test-alti-M44497 test-alti-M86243 test-alti-M132049 test-alti-M216091
#  Phony target (prerequisite of .PHONY).
#  Implicit rule search has not been done.
#  File does not exist.
#  File has not been updated.
#  commands to execute (from `Makefile', line 123):
	./check.sh test-alti
	

sse2: test-std-M19937 test-sse2-M19937
#  Implicit rule search has not been done.
#  Modification time never checked.
#  File has not been updated.

sse2-check: test-sse2-M521 test-sse2-M1279 test-sse2-M2203 test-sse2-M4253 test-sse2-M11213 test-sse2-M19937 test-sse2-M44497 test-sse2-M86243 test-sse2-M132049 test-sse2-M216091
#  Phony target (prerequisite of .PHONY).
#  Implicit rule search has not been done.
#  File does not exist.
#  File has not been updated.
#  commands to execute (from `Makefile', line 114):
	./check.sh test-sse2
	

test-alti-M11213: test.c dSFMT.c dSFMT.h
#  Implicit rule search has not been done.
 
#  Modification time never checked.
#  File has not been updated.
#  commands to execute (from `Makefile', line 196):
	$(CC) $(CCFLAGS) $(ALTIFLAGS) -DDSFMT_MEXP=11213 -o $@ dSFMT.c test.c
	

test-alti-M2203: test.c dSFMT.c dSFMT.h
#  Implicit rule search has not been done.
#  Modification time never checked.
#  File has not been updated.
#  commands to execute (from `Makefile', line 162):
	$(CC) $(CCFLAGS) $(ALTIFLAGS) -DDSFMT_MEXP=2203 -o $@ dSFMT.c test.c
	

test-alti-M44497: test.c dSFMT.c dSFMT.h
#  Implicit rule search has not been done.
#  Modification time never checked.
#  File has not been updated.
#  commands to execute (from `Makefile', line 226):
	$(CC) $(CCFLAGS) $(ALTIFLAGS) -DDSFMT_MEXP=44497 -o $@ dSFMT.c test.c
	

# files hash-table stats:
# Load=76/1024=7%, Rehash=0, Collisions=7/305=2%
# VPATH Search Paths

# No `vpath' search paths.

# No general (`VPATH' variable) search path.

# # of strings in strcache: 1
# # of strcache buffers: 1
# strcache size: total = 4096 / max = 4096 / min = 4096 / avg = 4096
# strcache free: total = 4087 / max = 4087 / min = 4087 / avg = 4087

# Finished Make data base on Sat Jun 25 16:02:44 2022

 
